# JRE version: OpenJDK Runtime Environment (8.0_242-b01) (build 1.8.0_242-release-1644-b01)
# Java VM: OpenJDK 64-Bit Server VM (25.242-b01 mixed mode windows-amd64 compressed oops)
Heap:
 PSYoungGen      total 86016K, used 56428K [0x00000000d6300000, 0x00000000de380000, 0x0000000100000000)
  eden space 66048K, 85% used [0x00000000d6300000,0x00000000d9a1b098,0x00000000da380000)
  from space 19968K, 0% used [0x00000000db680000,0x00000000db680000,0x00000000dca00000)
  to   space 19456K, 0% used [0x00000000da380000,0x00000000da380000,0x00000000db680000)
 ParOldGen       total 124928K, used 23114K [0x0000000082800000, 0x000000008a200000, 0x00000000d6300000)
  object space 124928K, 18% used [0x0000000082800000,0x0000000083e92bc8,0x000000008a200000)
 Metaspace       used 38617K, capacity 39229K, committed 39680K, reserved 1083392K
  class space    used 4853K, capacity 5041K, committed 5120K, reserved 1048576K
GC Heap History (10 events):
Event: 3.534 GC heap before
{Heap before GC invocations=4 (full 1):
 PSYoungGen      total 37888K, used 5088K [0x00000000d6300000, 0x00000000dad00000, 0x0000000100000000)
  eden space 32768K, 0% used [0x00000000d6300000,0x00000000d6300000,0x00000000d8300000)
  from space 5120K, 99% used [0x00000000d8300000,0x00000000d87f8240,0x00000000d8800000)
  to   space 5120K, 0% used [0x00000000da800000,0x00000000da800000,0x00000000dad00000)
 ParOldGen       total 86016K, used 17420K [0x0000000082800000, 0x0000000087c00000, 0x00000000d6300000)
  object space 86016K, 20% used [0x0000000082800000,0x00000000839031b0,0x0000000087c00000)
 Metaspace       used 20683K, capacity 21108K, committed 21248K, reserved 1069056K
  class space    used 2372K, capacity 2510K, committed 2560K, reserved 1048576K
Event: 3.615 GC heap after
Heap after GC invocations=4 (full 1):
 PSYoungGen      total 37888K, used 0K [0x00000000d6300000, 0x00000000dad00000, 0x0000000100000000)
  eden space 32768K, 0% used [0x00000000d6300000,0x00000000d6300000,0x00000000d8300000)
  from space 5120K, 0% used [0x00000000d8300000,0x00000000d8300000,0x00000000d8800000)
  to   space 5120K, 0% used [0x00000000da800000,0x00000000da800000,0x00000000dad00000)
 ParOldGen       total 78848K, used 15007K [0x0000000082800000, 0x0000000087500000, 0x00000000d6300000)
  object space 78848K, 19% used [0x0000000082800000,0x00000000836a7f78,0x0000000087500000)
 Metaspace       used 20683K, capacity 21108K, committed 21248K, reserved 1069056K
  class space    used 2372K, capacity 2510K, committed 2560K, reserved 1048576K
}
Event: 4.731 GC heap before
{Heap before GC invocations=5 (full 1):
 PSYoungGen      total 37888K, used 32768K [0x00000000d6300000, 0x00000000dad00000, 0x0000000100000000)
  eden space 32768K, 100% used [0x00000000d6300000,0x00000000d8300000,0x00000000d8300000)
  from space 5120K, 0% used [0x00000000d8300000,0x00000000d8300000,0x00000000d8800000)
  to   space 5120K, 0% used [0x00000000da800000,0x00000000da800000,0x00000000dad00000)
 ParOldGen       total 78848K, used 15007K [0x0000000082800000, 0x0000000087500000, 0x00000000d6300000)
  object space 78848K, 19% used [0x0000000082800000,0x00000000836a7f78,0x0000000087500000)
 Metaspace       used 24651K, capacity 25154K, committed 25472K, reserved 1071104K
  class space    used 3182K, capacity 3339K, committed 3456K, reserved 1048576K
Event: 4.748 GC heap after
Heap after GC invocations=5 (full 1):
 PSYoungGen      total 51712K, used 5089K [0x00000000d6300000, 0x00000000dad00000, 0x0000000100000000)
  eden space 46592K, 0% used [0x00000000d6300000,0x00000000d6300000,0x00000000d9080000)
  from space 5120K, 99% used [0x00000000da800000,0x00000000dacf84a0,0x00000000dad00000)
  to   space 5120K, 0% used [0x00000000da300000,0x00000000da300000,0x00000000da800000)
 ParOldGen       total 78848K, used 17221K [0x0000000082800000, 0x0000000087500000, 0x00000000d6300000)
  object space 78848K, 21% used [0x0000000082800000,0x00000000838d1440,0x0000000087500000)
 Metaspace       used 24651K, capacity 25154K, committed 25472K, reserved 1071104K
  class space    used 3182K, capacity 3339K, committed 3456K, reserved 1048576K
}
Event: 6.399 GC heap before
{Heap before GC invocations=6 (full 1):
 PSYoungGen      total 51712K, used 51681K [0x00000000d6300000, 0x00000000dad00000, 0x0000000100000000)
  eden space 46592K, 100% used [0x00000000d6300000,0x00000000d9080000,0x00000000d9080000)
  from space 5120K, 99% used [0x00000000da800000,0x00000000dacf84a0,0x00000000dad00000)
  to   space 5120K, 0% used [0x00000000da300000,0x00000000da300000,0x00000000da800000)
 ParOldGen       total 78848K, used 17221K [0x0000000082800000, 0x0000000087500000, 0x00000000d6300000)
  object space 78848K, 21% used [0x0000000082800000,0x00000000838d1440,0x0000000087500000)
 Metaspace       used 32485K, capacity 33010K, committed 33280K, reserved 1079296K
  class space    used 4136K, capacity 4307K, committed 4352K, reserved 1048576K
Event: 6.423 GC heap after
Heap after GC invocations=6 (full 1):
 PSYoungGen      total 70656K, used 5091K [0x00000000d6300000, 0x00000000dca00000, 0x0000000100000000)
  eden space 65536K, 0% used [0x00000000d6300000,0x00000000d6300000,0x00000000da300000)
  from space 5120K, 99% used [0x00000000da300000,0x00000000da7f8c70,0x00000000da800000)
  to   space 19968K, 0% used [0x00000000db680000,0x00000000db680000,0x00000000dca00000)
 ParOldGen       total 78848K, used 28993K [0x0000000082800000, 0x0000000087500000, 0x00000000d6300000)
  object space 78848K, 36% used [0x0000000082800000,0x00000000844506d8,0x0000000087500000)
 Metaspace       used 32485K, capacity 33010K, committed 33280K, reserved 1079296K
  class space    used 4136K, capacity 4307K, committed 4352K, reserved 1048576K
}
Event: 6.945 GC heap before
{Heap before GC invocations=7 (full 1):
 PSYoungGen      total 70656K, used 18094K [0x00000000d6300000, 0x00000000dca00000, 0x0000000100000000)
  eden space 65536K, 19% used [0x00000000d6300000,0x00000000d6fb2d00,0x00000000da300000)
  from space 5120K, 99% used [0x00000000da300000,0x00000000da7f8c70,0x00000000da800000)
  to   space 19968K, 0% used [0x00000000db680000,0x00000000db680000,0x00000000dca00000)
 ParOldGen       total 78848K, used 28993K [0x0000000082800000, 0x0000000087500000, 0x00000000d6300000)
  object space 78848K, 36% used [0x0000000082800000,0x00000000844506d8,0x0000000087500000)
 Metaspace       used 34680K, capacity 35182K, committed 35416K, reserved 1081344K
  class space    used 4418K, capacity 4601K, committed 4608K, reserved 1048576K
Event: 6.954 GC heap after
Heap after GC invocations=7 (full 1):
 PSYoungGen      total 86016K, used 7966K [0x00000000d6300000, 0x00000000de380000, 0x0000000100000000)
  eden space 66048K, 0% used [0x00000000d6300000,0x00000000d6300000,0x00000000da380000)
  from space 19968K, 39% used [0x00000000db680000,0x00000000dbe47ae0,0x00000000dca00000)
  to   space 19456K, 0% used [0x00000000da380000,0x00000000da380000,0x00000000db680000)
 ParOldGen       total 78848K, used 29001K [0x0000000082800000, 0x0000000087500000, 0x00000000d6300000)
  object space 78848K, 36% used [0x0000000082800000,0x00000000844526d8,0x0000000087500000)
 Metaspace       used 34680K, capacity 35182K, committed 35416K, reserved 1081344K
  class space    used 4418K, capacity 4601K, committed 4608K, reserved 1048576K
}
Event: 6.954 GC heap before
{Heap before GC invocations=8 (full 2):
 PSYoungGen      total 86016K, used 7966K [0x00000000d6300000, 0x00000000de380000, 0x0000000100000000)
  eden space 66048K, 0% used [0x00000000d6300000,0x00000000d6300000,0x00000000da380000)
  from space 19968K, 39% used [0x00000000db680000,0x00000000dbe47ae0,0x00000000dca00000)
  to   space 19456K, 0% used [0x00000000da380000,0x00000000da380000,0x00000000db680000)
 ParOldGen       total 78848K, used 29001K [0x0000000082800000, 0x0000000087500000, 0x00000000d6300000)
  object space 78848K, 36% used [0x0000000082800000,0x00000000844526d8,0x0000000087500000)
 Metaspace       used 34680K, capacity 35182K, committed 35416K, reserved 1081344K
  class space    used 4418K, capacity 4601K, committed 4608K, reserved 1048576K
Event: 7.093 GC heap after
Heap after GC invocations=8 (full 2):
 PSYoungGen      total 86016K, used 0K [0x00000000d6300000, 0x00000000de380000, 0x0000000100000000)
  eden space 66048K, 0% used [0x00000000d6300000,0x00000000d6300000,0x00000000da380000)
  from space 19968K, 0% used [0x00000000db680000,0x00000000db680000,0x00000000dca00000)
  to   space 19456K, 0% used [0x00000000da380000,0x00000000da380000,0x00000000db680000)
 ParOldGen       total 124928K, used 23114K [0x0000000082800000, 0x000000008a200000, 0x00000000d6300000)
  object space 124928K, 18% used [0x0000000082800000,0x0000000083e92bc8,0x000000008a200000)
 Metaspace       used 34680K, capacity 35182K, committed 35416K, reserved 1081344K
  class space    used 4418K, capacity 4601K, committed 4608K, reserved 1048576K
}

